<?xml version="1.0" encoding="UTF-8"?>
<testng-results ignored="0" total="1" passed="1" failed="0" skipped="0">
  <reporter-output>
  </reporter-output>
  <suite started-at="2023-03-20T11:16:46 IST" name="Default suite" finished-at="2023-03-20T11:19:44 IST" duration-ms="178094">
    <groups>
    </groups>
    <test started-at="2023-03-20T11:16:46 IST" name="Default test" finished-at="2023-03-20T11:19:44 IST" duration-ms="178094">
      <class name="guru9.seleniumbase.Guru99Base">
        <test-method signature="startApp()[pri:0, instance:guru9.seleniumbase.Guru99Base@47d90b9e]" started-at="2023-03-20T11:16:46 IST" name="startApp" finished-at="2023-03-20T11:19:44 IST" duration-ms="177927" status="PASS">
          <reporter-output>
          </reporter-output>
        </test-method> <!-- startApp -->
      </class> <!-- guru9.seleniumbase.Guru99Base -->
    </test> <!-- Default test -->
  </suite> <!-- Default suite -->
</testng-results>
